<?xml version="1.0" encoding="UTF-8"?>
<!-- Generated by org.testng.reporters.JUnitReportReporter -->
<testsuite skipped="0" hostname="DESKTOP-NMGB7R5" name="com.qa.roughwork.CallBrowserTest" tests="1" failures="0" timestamp="2022-02-04T08:44:35 GST" time="6.891" errors="0">
  <testcase name="test" time="6.891" classname="com.qa.roughwork.CallBrowserTest"/>
  <system-out/>
</testsuite> <!-- com.qa.roughwork.CallBrowserTest -->
