<?xml version="1.0" encoding="UTF-8"?>
<!-- Generated by org.testng.reporters.JUnitReportReporter -->
<testsuite skipped="0" hostname="DESKTOP-NMGB7R5" name="com.blaze.testcases.LoginPageTestCases" tests="2" failures="0" timestamp="2022-02-06T00:13:25 GST" time="1.850" errors="0">
  <testcase name="do_loginTest" time="1.818" classname="com.blaze.testcases.LoginPageTestCases"/>
  <system-out/>
  <testcase name="do_URLVerificationTest" time="0.032" classname="com.blaze.testcases.LoginPageTestCases"/>
  <system-out/>
</testsuite> <!-- com.blaze.testcases.LoginPageTestCases -->
