<?xml version="1.0" encoding="UTF-8"?>
<!-- Generated by org.testng.reporters.JUnitReportReporter -->
<testsuite skipped="0" hostname="DESKTOP-NMGB7R5" name="com.blaze.testcases.CartPageTestCases" tests="1" failures="0" timestamp="2022-02-05T15:54:58 GST" time="2.663" errors="0">
  <testcase name="do_PlaceOrderTest" time="2.663" classname="com.blaze.testcases.CartPageTestCases"/>
  <system-out/>
</testsuite> <!-- com.blaze.testcases.CartPageTestCases -->
