<?xml version="1.0" encoding="UTF-8"?>
<!-- Generated by org.testng.reporters.JUnitReportReporter -->
<testsuite skipped="0" hostname="DESKTOP-NMGB7R5" name="com.blaze.testcases.ProductPageTestCases" tests="2" failures="0" timestamp="2022-02-05T15:59:48 GST" time="5.924" errors="0">
  <testcase name="do_AddProductToCartTest" time="3.135" classname="com.blaze.testcases.ProductPageTestCases"/>
  <system-out/>
  <testcase name="do_PlaceOrderTest" time="2.789" classname="com.blaze.testcases.ProductPageTestCases"/>
  <system-out/>
</testsuite> <!-- com.blaze.testcases.ProductPageTestCases -->
