<?xml version="1.0" encoding="UTF-8"?>
<!-- Generated by org.testng.reporters.JUnitReportReporter -->
<testsuite skipped="0" hostname="DESKTOP-NMGB7R5" name="com.blaze.testcases.SignUpPageTestCases" tests="8" failures="0" timestamp="2022-02-05T15:19:39 GST" time="5.604" errors="0">
  <testcase name="do_HomePageURLVerificationTest" time="0.023" classname="com.blaze.testcases.SignUpPageTestCases"/>
  <system-out/>
  <testcase name="do_HomePageTitleVerificationTest" time="0.014" classname="com.blaze.testcases.SignUpPageTestCases"/>
  <system-out/>
  <testcase name="do_SignUpLinkVerificationTest" time="0.071" classname="com.blaze.testcases.SignUpPageTestCases"/>
  <system-out/>
  <testcase name="do_SignUpTest" time="2.207" classname="com.blaze.testcases.SignUpPageTestCases"/>
  <system-out/>
  <testcase name="do_existingUserSignUpTest" time="1.635" classname="com.blaze.testcases.SignUpPageTestCases"/>
  <system-out/>
  <testcase name="do_SignUpWithInvalidCredentialsTest" time="0.509" classname="com.blaze.testcases.SignUpPageTestCases"/>
  <system-out/>
  <testcase name="do_SignUpWithUserName_WithBlankPasswordTest" time="0.484" classname="com.blaze.testcases.SignUpPageTestCases"/>
  <system-out/>
  <testcase name="do_SignUpWithBlankUserName_WitValidPasswordTest" time="0.661" classname="com.blaze.testcases.SignUpPageTestCases"/>
  <system-out/>
</testsuite> <!-- com.blaze.testcases.SignUpPageTestCases -->
